commit d462b89f6811c848765b9dc6d7b52586d18d89af
Author: Klifton Black <kliftonblack@mail.weber.edu>
Date:   Thu Feb 21 09:52:16 2019 -0700

    Added extra credit

commit 843d7343dc9d1b41031791662e03e69b16309d20
Author: Klifton Black <kliftonblack@mail.weber.edu>
Date:   Thu Feb 21 09:27:12 2019 -0700

    Initail commit of Task 5

commit d887551b5ecf4857766c86a440bae9aa604e51f8
Author: Klifton Black <kliftonblack@mail.weber.edu>
Date:   Thu Feb 21 09:26:36 2019 -0700

    Initail commit of Task 4

commit 47ba51db360f005c92b39c021da2df9832f3238a
Author: Klifton Black <kliftonblack@mail.weber.edu>
Date:   Thu Feb 14 09:10:01 2019 -0700

    Initail commit

commit 51ddc2fab9c87474e7ba13f2471261ca4fc06e0a
Author: Klifton Black <kliftonblack@mail.weber.edu>
Date:   Tue Feb 12 10:00:23 2019 -0700

    First Commit

commit 24859767da36767b821adb0c188a50a317819e43
Author: Klifton Black <kliftonblack@mail.weber.edu>
Date:   Thu Feb 7 09:58:59 2019 -0700

    Added avg_grades_mc.c

commit 2cba66037b9063f5c1c6009ac2c93030185b72f7
Author: Klifton Black <kliftonblack@mail.weber.edu>
Date:   Thu Feb 7 09:17:33 2019 -0700

    Added guessNummber and forloop

commit aa33d1877b200ca9d9bed5c83488633863146167
Author: Klifton Black <kliftonblack@mail.weber.edu>
Date:   Tue Feb 5 08:52:07 2019 -0700

    Calculate Avergae

commit 8ea770551342a2ec16cae7bb2a25277af767eea7
Author: Klifton Black <kliftonblack@mail.weber.edu>
Date:   Tue Jan 29 09:10:17 2019 -0700

    Initial commit of Tempature.c

commit 5cc25286ee9bac9ce2b4a87148a17f521c4f5425
Author: Klifton Black <kliftonblack@mail.weber.edu>
Date:   Thu Jan 24 09:42:44 2019 -0700

    Added even_odd.c

commit 684f07130b750cffc060dbea7a3101ed0d54cce7
Author: Klifton Black <kliftonblack@mail.weber.edu>
Date:   Thu Jan 24 09:21:12 2019 -0700

    Initial Commit

commit 6f00d846f14bdd83669259f40f1cb621edf11f89
Author: Klifton Black <kliftonblack@mail.weber.edu>
Date:   Thu Jan 24 08:50:52 2019 -0700

    Created cartesian

commit 5457ddc1238e48934218d61c8ba5a4e1d5ffa2f8
Author: Klifton Black <kliftonblack@mail.weber.edu>
Date:   Tue Jan 22 10:06:35 2019 -0700

    Scanf and strings

commit a4e21c166554403278186690969af5aca6a5448d
Author: Klifton Black <kliftonblack@mail.weber.edu>
Date:   Tue Jan 22 09:49:31 2019 -0700

    1/22/2019

commit 25b9a5ac8f8fe1c127d861414d9ec051bff8a0b7
Author: Klifton Black <kliftonblack@mail.weber.edu>
Date:   Tue Jan 22 09:03:42 2019 -0700

    commit of chars.c

commit 034f91d68094542acba13fe25e5b2b973bca6c87
Author: Klifton Black <kliftonblack@mail.weber.edu>
Date:   Thu Jan 17 10:19:49 2019 -0700

    Created satallite, bug in program

commit 5ab04cb472291af76a686c7a7ca1cf1bfb5599a4
Author: TechJoy <46765101+TechJoy@users.noreply.github.com>
Date:   Thu Jan 17 10:32:21 2019 -0600

    Add *. to .gitignore file

commit a6e41dd2995d32846d3ea75bd3a34c5b7b15e4c5
Author: Klifton Black <kliftonblack@mail.weber.edu>
Date:   Thu Jan 17 09:29:46 2019 -0700

    Added ballDropped

commit fb2b801a90ba07fe1775e0a9faca5d4f889ebea1
Author: Klifton Black <kliftonblack@mail.weber.edu>
Date:   Thu Jan 17 09:01:31 2019 -0700

    First commit

commit 58ce87526cf7d2f0e2717f3521cd1931c78c71ba
Author: TechJoy <46765101+TechJoy@users.noreply.github.com>
Date:   Thu Jan 17 09:50:08 2019 -0600

    Initial commit
